{"/Users/eyadmansour/Desktop/javascript_tasks401/express-server/server.js": {"path":"/Users/eyadmansour/Desktop/javascript_tasks401/express-server/server.js","statementMap":{"0":{"start":{"line":3,"column":16},"end":{"line":3,"column":34}},"1":{"start":{"line":4,"column":12},"end":{"line":4,"column":21}},"2":{"start":{"line":5,"column":0},"end":{"line":5,"column":24}},"3":{"start":{"line":7,"column":0},"end":{"line":9,"column":3}},"4":{"start":{"line":8,"column":2},"end":{"line":8,"column":38}},"5":{"start":{"line":11,"column":0},"end":{"line":23,"column":3}},"6":{"start":{"line":14,"column":15},"end":{"line":18,"column":3}},"7":{"start":{"line":19,"column":22},"end":{"line":19,"column":44}},"8":{"start":{"line":22,"column":2},"end":{"line":22,"column":61}},"9":{"start":{"line":26,"column":2},"end":{"line":26,"column":61}},"10":{"start":{"line":26,"column":25},"end":{"line":26,"column":59}},"11":{"start":{"line":29,"column":0},"end":{"line":32,"column":2}}},"fnMap":{"0":{"name":"(anonymous_0)","decl":{"start":{"line":7,"column":13},"end":{"line":7,"column":14}},"loc":{"start":{"line":7,"column":27},"end":{"line":9,"column":1}},"line":7},"1":{"name":"(anonymous_1)","decl":{"start":{"line":11,"column":20},"end":{"line":11,"column":21}},"loc":{"start":{"line":11,"column":34},"end":{"line":23,"column":1}},"line":11},"2":{"name":"start","decl":{"start":{"line":25,"column":9},"end":{"line":25,"column":14}},"loc":{"start":{"line":25,"column":21},"end":{"line":27,"column":1}},"line":25},"3":{"name":"(anonymous_3)","decl":{"start":{"line":26,"column":19},"end":{"line":26,"column":20}},"loc":{"start":{"line":26,"column":25},"end":{"line":26,"column":59}},"line":26}},"branchMap":{},"s":{"0":1,"1":1,"2":1,"3":1,"4":1,"5":1,"6":1,"7":1,"8":1,"9":0,"10":0,"11":1},"f":{"0":1,"1":1,"2":0,"3":0},"b":{},"_coverageSchema":"1a1c01bbd47fc00a2c39e90264f33305004495a9","hash":"1dadd13f3a63f15f559f2a0430fabe64c73408b3"}
}
